<?xml version="1.0" encoding="UTF-8"?>
<!-- Generated by org.testng.reporters.JUnitXMLReporter -->
<testsuite hostname="DESKTOP-RP7TVBL" failures="0" tests="3" name="Default test" time="48.304" errors="0" timestamp="27 Jan 2025 05:17:56 GMT">
  <testcase classname="caseManagementTestCases.VerifycaseManagement" name="navigateToNetSingularity" time="18.021"/>
  <testcase classname="caseManagementTestCases.VerifycaseManagement" name="validateOnDashboardTest" time="4.999"/>
  <testcase classname="caseManagementTestCases.VerifycaseManagement" name="clickgis" time="14.968"/>
</testsuite> <!-- Default test -->
